licenta/app/build/intermediates/manifest_merge_blame_file/debug/manifest-merger-blame-debug-report.txt
1<?xml version="1.0" encoding="utf-8"?>
2<manifest xmlns:android="http://schemas.android.com/apk/res/android"
3    package="com.denis.music_rec"
4    android:versionCode="1"
5    android:versionName="1.0" >
6
7    <uses-sdk
8        android:minSdkVersion="21"
8-->src\main\AndroidManifest.xml
9        android:targetSdkVersion="27" />
9-->src\main\AndroidManifest.xml
10
11    <uses-permission android:name="android.permission.INTERNET" />
11-->src\main\AndroidManifest.xml:6:5-67
11-->src\main\AndroidManifest.xml:6:22-64
12    <uses-permission android:name="android.permission.RECORD_AUDIO" />
12-->src\main\AndroidManifest.xml:7:5-71
12-->src\main\AndroidManifest.xml:7:22-68
13    <uses-permission android:name="android.permission.WRITE_EXTERNAL_STORAGE" />
13-->src\main\AndroidManifest.xml:8:5-81
13-->src\main\AndroidManifest.xml:8:22-78
14
15    <application
15-->src\main\AndroidManifest.xml:10:5-42:19
16        android:allowBackup="true"
16-->src\main\AndroidManifest.xml:11:9-35
17        android:appComponentFactory="androidx.core.app.CoreComponentFactory"
17-->[androidx.core:core:1.7.0] AndroidManifest.xml:24:18-86
18        android:dataExtractionRules="@xml/data_extraction_rules"
18-->src\main\AndroidManifest.xml:12:9-65
19        android:debuggable="true"
20        android:fullBackupContent="@xml/backup_rules"
20-->src\main\AndroidManifest.xml:13:9-54
21        android:icon="@mipmap/ic_launcher"
21-->src\main\AndroidManifest.xml:14:9-43
22        android:label="@string/app_name"
22-->src\main\AndroidManifest.xml:16:9-41
23        android:roundIcon="@mipmap/ic_launcher_round"
23-->src\main\AndroidManifest.xml:17:9-54
24        android:supportsRtl="true"
24-->src\main\AndroidManifest.xml:18:9-35
25        android:theme="@style/Theme.Musicrecognition"
25-->src\main\AndroidManifest.xml:19:9-54
26        android:usesCleartextTraffic="true" >
26-->src\main\AndroidManifest.xml:15:9-44
27        <activity
27-->src\main\AndroidManifest.xml:21:9-23:40
28            android:name="com.denis.music_rec.HistoryActivity"
28-->src\main\AndroidManifest.xml:22:13-44
29            android:exported="false" />
29-->src\main\AndroidManifest.xml:23:13-37
30        <activity
30-->src\main\AndroidManifest.xml:24:9-26:40
31            android:name="com.denis.music_rec.NotFoundActivity"
31-->src\main\AndroidManifest.xml:25:13-45
32            android:exported="false" />
32-->src\main\AndroidManifest.xml:26:13-37
33        <activity
33-->src\main\AndroidManifest.xml:27:9-29:40
34            android:name="com.denis.music_rec.MusicActivity"
34-->src\main\AndroidManifest.xml:28:13-42
35            android:exported="false" />
35-->src\main\AndroidManifest.xml:29:13-37
36        <activity
36-->src\main\AndroidManifest.xml:30:9-32:40
37            android:name="com.denis.music_rec.ui.detail.DetailActivity"
37-->src\main\AndroidManifest.xml:31:13-53
38            android:exported="false" />
38-->src\main\AndroidManifest.xml:32:13-37
39        <activity
39-->src\main\AndroidManifest.xml:33:9-41:20
40            android:name="com.denis.music_rec.MainActivity"
40-->src\main\AndroidManifest.xml:34:13-41
41            android:exported="true" >
41-->src\main\AndroidManifest.xml:35:13-36
42            <intent-filter>
42-->src\main\AndroidManifest.xml:36:13-40:29
43                <action android:name="android.intent.action.MAIN" />
43-->src\main\AndroidManifest.xml:37:17-69
43-->src\main\AndroidManifest.xml:37:25-66
44
45                <category android:name="android.intent.category.LAUNCHER" />
45-->src\main\AndroidManifest.xml:39:17-77
45-->src\main\AndroidManifest.xml:39:27-74
46            </intent-filter>
47        </activity>
48
49        <provider
49-->[androidx.emoji2:emoji2:1.0.0] AndroidManifest.xml:26:9-34:20
50            android:name="androidx.startup.InitializationProvider"
50-->[androidx.emoji2:emoji2:1.0.0] AndroidManifest.xml:27:13-67
51            android:authorities="com.denis.music_rec.androidx-startup"
51-->[androidx.emoji2:emoji2:1.0.0] AndroidManifest.xml:28:13-68
52            android:exported="false" >
52-->[androidx.emoji2:emoji2:1.0.0] AndroidManifest.xml:29:13-37
53            <meta-data
53-->[androidx.emoji2:emoji2:1.0.0] AndroidManifest.xml:31:13-33:52
54                android:name="androidx.emoji2.text.EmojiCompatInitializer"
54-->[androidx.emoji2:emoji2:1.0.0] AndroidManifest.xml:32:17-75
55                android:value="androidx.startup" />
55-->[androidx.emoji2:emoji2:1.0.0] AndroidManifest.xml:33:17-49
56            <meta-data
56-->[androidx.lifecycle:lifecycle-process:2.4.0] AndroidManifest.xml:31:13-33:52
57                android:name="androidx.lifecycle.ProcessLifecycleInitializer"
57-->[androidx.lifecycle:lifecycle-process:2.4.0] AndroidManifest.xml:32:17-78
58                android:value="androidx.startup" />
58-->[androidx.lifecycle:lifecycle-process:2.4.0] AndroidManifest.xml:33:17-49
59        </provider>
60    </application>
61
62</manifest>